<?xml version="1.0" encoding="UTF-8"?>
<!-- Generated by org.testng.reporters.JUnitXMLReporter -->
<testsuite hostname="lisahoo-WX-1" ignored="0" name="Default test" tests="3" failures="0" timestamp="08 Feb 2019 09:32:29 GMT" time="222.865" errors="0">
  <testcase name="integrationTest" time="3.021" classname="com.crm.qa.testcases.DatAPRoviderHashMap"/>
  <testcase name="integrationTest" time="118.37" classname="com.crm.qa.testcases.DatAPRoviderHashMap"/>
  <testcase name="integrationTest" time="33.666" classname="com.crm.qa.testcases.DatAPRoviderHashMap"/>
</testsuite> <!-- Default test -->
