<?xml version="1.0" encoding="UTF-8"?>
<!-- Generated by org.testng.reporters.JUnitXMLReporter -->
<testsuite hostname="lisahoo-WX-1" ignored="0" name="Google Practise session Test Cases" tests="1" failures="1" timestamp="12 Feb 2019 07:05:44 GMT" time="7.024" errors="0">
  <testcase name="loginPageTitleTest" time="0.026" classname="com.crm.qa.testcases.GooglePageTest">
    <failure type="java.lang.AssertionError" message="expected [#1 Free CRM for Any Business: Online Customer Relationship Software] but found [Google]">
      <![CDATA[java.lang.AssertionError: expected [#1 Free CRM for Any Business: Online Customer Relationship Software] but found [Google]
	at com.crm.qa.testcases.GooglePageTest.loginPageTitleTest(GooglePageTest.java:26)
... Removed 31 stack frames]]>
    </failure>
  </testcase> <!-- loginPageTitleTest -->
</testsuite> <!-- Google Practise session Test Cases -->
